# JRE version: Java(TM) SE Runtime Environment (8.0_121-b13) (build 1.8.0_121-b13)
# Java VM: Java HotSpot(TM) 64-Bit Server VM (25.121-b13 mixed mode windows-amd64 compressed oops)
Heap:
 PSYoungGen      total 99328K, used 2697K [0x00000000d5f80000, 0x00000000df380000, 0x0000000100000000)
  eden space 88576K, 3% used [0x00000000d5f80000,0x00000000d6222588,0x00000000db600000)
  from space 10752K, 0% used [0x00000000db600000,0x00000000db600000,0x00000000dc080000)
  to   space 10240K, 0% used [0x00000000de980000,0x00000000de980000,0x00000000df380000)
 ParOldGen       total 58368K, used 19840K [0x0000000081e00000, 0x0000000085700000, 0x00000000d5f80000)
  object space 58368K, 33% used [0x0000000081e00000,0x0000000083160208,0x0000000085700000)
 Metaspace       used 35402K, capacity 35866K, committed 36224K, reserved 1081344K
  class space    used 4296K, capacity 4432K, committed 4480K, reserved 1048576K
GC Heap History (10 events):
Event: 5.350 GC heap before
{Heap before GC invocations=11 (full 1):
 PSYoungGen      total 71168K, used 62960K [0x00000000d5f80000, 0x00000000dcb80000, 0x0000000100000000)
  eden space 59392K, 100% used [0x00000000d5f80000,0x00000000d9980000,0x00000000d9980000)
  from space 11776K, 30% used [0x00000000d9980000,0x00000000d9cfc130,0x00000000da500000)
  to   space 11264K, 0% used [0x00000000dc080000,0x00000000dc080000,0x00000000dcb80000)
 ParOldGen       total 58368K, used 11319K [0x0000000081e00000, 0x0000000085700000, 0x00000000d5f80000)
  object space 58368K, 19% used [0x0000000081e00000,0x000000008290dec8,0x0000000085700000)
 Metaspace       used 27800K, capacity 28196K, committed 28416K, reserved 1075200K
  class space    used 3417K, capacity 3527K, committed 3584K, reserved 1048576K
Event: 5.440 GC heap after
Heap after GC invocations=11 (full 1):
 PSYoungGen      total 99840K, used 4376K [0x00000000d5f80000, 0x00000000dcc00000, 0x0000000100000000)
  eden space 88576K, 0% used [0x00000000d5f80000,0x00000000d5f80000,0x00000000db600000)
  from space 11264K, 38% used [0x00000000dc080000,0x00000000dc4c62e8,0x00000000dcb80000)
  to   space 10752K, 0% used [0x00000000db600000,0x00000000db600000,0x00000000dc080000)
 ParOldGen       total 58368K, used 12471K [0x0000000081e00000, 0x0000000085700000, 0x00000000d5f80000)
  object space 58368K, 21% used [0x0000000081e00000,0x0000000082a2dfd8,0x0000000085700000)
 Metaspace       used 27800K, capacity 28196K, committed 28416K, reserved 1075200K
  class space    used 3417K, capacity 3527K, committed 3584K, reserved 1048576K
}
Event: 7.255 GC heap before
{Heap before GC invocations=12 (full 1):
 PSYoungGen      total 99840K, used 92952K [0x00000000d5f80000, 0x00000000dcc00000, 0x0000000100000000)
  eden space 88576K, 100% used [0x00000000d5f80000,0x00000000db600000,0x00000000db600000)
  from space 11264K, 38% used [0x00000000dc080000,0x00000000dc4c62e8,0x00000000dcb80000)
  to   space 10752K, 0% used [0x00000000db600000,0x00000000db600000,0x00000000dc080000)
 ParOldGen       total 58368K, used 12471K [0x0000000081e00000, 0x0000000085700000, 0x00000000d5f80000)
  object space 58368K, 21% used [0x0000000081e00000,0x0000000082a2dfd8,0x0000000085700000)
 Metaspace       used 32398K, capacity 32866K, committed 33024K, reserved 1079296K
  class space    used 3950K, capacity 4076K, committed 4096K, reserved 1048576K
Event: 7.311 GC heap after
Heap after GC invocations=12 (full 1):
 PSYoungGen      total 99328K, used 5839K [0x00000000d5f80000, 0x00000000dcc00000, 0x0000000100000000)
  eden space 88576K, 0% used [0x00000000d5f80000,0x00000000d5f80000,0x00000000db600000)
  from space 10752K, 54% used [0x00000000db600000,0x00000000dbbb3ee0,0x00000000dc080000)
  to   space 11264K, 0% used [0x00000000dc080000,0x00000000dc080000,0x00000000dcb80000)
 ParOldGen       total 58368K, used 15428K [0x0000000081e00000, 0x0000000085700000, 0x00000000d5f80000)
  object space 58368K, 26% used [0x0000000081e00000,0x0000000082d11008,0x0000000085700000)
 Metaspace       used 32398K, capacity 32866K, committed 33024K, reserved 1079296K
  class space    used 3950K, capacity 4076K, committed 4096K, reserved 1048576K
}
Event: 7.922 GC heap before
{Heap before GC invocations=13 (full 1):
 PSYoungGen      total 99328K, used 94414K [0x00000000d5f80000, 0x00000000dcc00000, 0x0000000100000000)
  eden space 88576K, 99% used [0x00000000d5f80000,0x00000000db5ff950,0x00000000db600000)
  from space 10752K, 54% used [0x00000000db600000,0x00000000dbbb3ee0,0x00000000dc080000)
  to   space 11264K, 0% used [0x00000000dc080000,0x00000000dc080000,0x00000000dcb80000)
 ParOldGen       total 58368K, used 15428K [0x0000000081e00000, 0x0000000085700000, 0x00000000d5f80000)
  object space 58368K, 26% used [0x0000000081e00000,0x0000000082d11008,0x0000000085700000)
 Metaspace       used 33907K, capacity 34394K, committed 34560K, reserved 1079296K
  class space    used 4149K, capacity 4304K, committed 4352K, reserved 1048576K
Event: 7.935 GC heap after
Heap after GC invocations=13 (full 1):
 PSYoungGen      total 99840K, used 3550K [0x00000000d5f80000, 0x00000000dcc00000, 0x0000000100000000)
  eden space 88576K, 0% used [0x00000000d5f80000,0x00000000d5f80000,0x00000000db600000)
  from space 11264K, 31% used [0x00000000dc080000,0x00000000dc3f7b50,0x00000000dcb80000)
  to   space 10752K, 0% used [0x00000000db600000,0x00000000db600000,0x00000000dc080000)
 ParOldGen       total 58368K, used 18184K [0x0000000081e00000, 0x0000000085700000, 0x00000000d5f80000)
  object space 58368K, 31% used [0x0000000081e00000,0x0000000082fc2078,0x0000000085700000)
 Metaspace       used 33907K, capacity 34394K, committed 34560K, reserved 1079296K
  class space    used 4149K, capacity 4304K, committed 4352K, reserved 1048576K
}
Event: 8.018 GC heap before
{Heap before GC invocations=14 (full 1):
 PSYoungGen      total 99840K, used 15200K [0x00000000d5f80000, 0x00000000dcc00000, 0x0000000100000000)
  eden space 88576K, 13% used [0x00000000d5f80000,0x00000000d6ae0788,0x00000000db600000)
  from space 11264K, 31% used [0x00000000dc080000,0x00000000dc3f7b50,0x00000000dcb80000)
  to   space 10752K, 0% used [0x00000000db600000,0x00000000db600000,0x00000000dc080000)
 ParOldGen       total 58368K, used 18184K [0x0000000081e00000, 0x0000000085700000, 0x00000000d5f80000)
  object space 58368K, 31% used [0x0000000081e00000,0x0000000082fc2078,0x0000000085700000)
 Metaspace       used 34771K, capacity 35226K, committed 35456K, reserved 1081344K
  class space    used 4238K, capacity 4368K, committed 4480K, reserved 1048576K
Event: 8.023 GC heap after
Heap after GC invocations=14 (full 1):
 PSYoungGen      total 99328K, used 1089K [0x00000000d5f80000, 0x00000000df380000, 0x0000000100000000)
  eden space 88576K, 0% used [0x00000000d5f80000,0x00000000d5f80000,0x00000000db600000)
  from space 10752K, 10% used [0x00000000db600000,0x00000000db7105d8,0x00000000dc080000)
  to   space 10240K, 0% used [0x00000000de980000,0x00000000de980000,0x00000000df380000)
 ParOldGen       total 58368K, used 20341K [0x0000000081e00000, 0x0000000085700000, 0x00000000d5f80000)
  object space 58368K, 34% used [0x0000000081e00000,0x00000000831dd628,0x0000000085700000)
 Metaspace       used 34771K, capacity 35226K, committed 35456K, reserved 1081344K
  class space    used 4238K, capacity 4368K, committed 4480K, reserved 1048576K
}
Event: 8.023 GC heap before
{Heap before GC invocations=15 (full 2):
 PSYoungGen      total 99328K, used 1089K [0x00000000d5f80000, 0x00000000df380000, 0x0000000100000000)
  eden space 88576K, 0% used [0x00000000d5f80000,0x00000000d5f80000,0x00000000db600000)
  from space 10752K, 10% used [0x00000000db600000,0x00000000db7105d8,0x00000000dc080000)
  to   space 10240K, 0% used [0x00000000de980000,0x00000000de980000,0x00000000df380000)
 ParOldGen       total 58368K, used 20341K [0x0000000081e00000, 0x0000000085700000, 0x00000000d5f80000)
  object space 58368K, 34% used [0x0000000081e00000,0x00000000831dd628,0x0000000085700000)
 Metaspace       used 34771K, capacity 35226K, committed 35456K, reserved 1081344K
  class space    used 4238K, capacity 4368K, committed 4480K, reserved 1048576K
Event: 8.213 GC heap after
Heap after GC invocations=15 (full 2):
 PSYoungGen      total 99328K, used 0K [0x00000000d5f80000, 0x00000000df380000, 0x0000000100000000)
  eden space 88576K, 0% used [0x00000000d5f80000,0x00000000d5f80000,0x00000000db600000)
  from space 10752K, 0% used [0x00000000db600000,0x00000000db600000,0x00000000dc080000)
  to   space 10240K, 0% used [0x00000000de980000,0x00000000de980000,0x00000000df380000)
 ParOldGen       total 58368K, used 19840K [0x0000000081e00000, 0x0000000085700000, 0x00000000d5f80000)
  object space 58368K, 33% used [0x0000000081e00000,0x0000000083160208,0x0000000085700000)
 Metaspace       used 34771K, capacity 35226K, committed 35456K, reserved 1081344K
  class space    used 4238K, capacity 4368K, committed 4480K, reserved 1048576K
}

